#**************************************
# REPORT TYPE : Power state hit
# POWER MODEL : fpu_gen.dfa.pm
# PB-VERSION  : PB_v2.0.5rc
# PM-VERSION  : 4
# DESIGN      : fpu
# HIER. INST  : fpu_tb/UUT
# NUM. CLOCKS : 1
# NUM. BLOCKS : 4
# DATE        : 14:07:10 Mon 28-Feb-2022
#**************************************

[ Total Clock Cycle ]
_________________________________________________________________
Clock                                                       Cycle
_________________________________________________________________
clk                                                         81990
-----------------------------------------------------------------
Total                                                       81990
_________________________________________________________________

#####################################
##    ### #######   ####    ## ##  ##
## ### ## ###### ### ## ###### # ####
##    ### ###### ### ## ######  #####
## ### ## ###### ### ## ###### # ####
##    ###     ###   ####    ## ##  ##
#####################################

[ Block Domain Power Models Power State Hit Ratio ]
_________________________________________________________________
Block Group                                         Hit ratio (%)
_________________________________________________________________
fpu                                                        49.63%
-----------------------------------------------------------------
u2                                                         98.93%
u3                                                         46.37%
u4                                                          0.00%
_________________________________________________________________

#####################################
###    ## #######   ####    ## ##  ##
## ###### ###### ### ## ###### # ####
## ###### ###### ### ## ######  #####
## ###### ###### ### ## ###### # ####
###    ##     ###   ####    ## ##  ##
#####################################

[ Clock Domain Power Models Power State Hit Ratio ]
_________________________________________________________________
Clock Group                                         Hit ratio (%)
_________________________________________________________________
clk                                                        49.63%
_________________________________________________________________

################################################
##    ### ###### ##  #######    ## ###### ##  ##
## ### ## ###### # ######## ###### ###### # ####
##    ### ######  #####  ## ###### ######  #####
## ### ## ###### # ######## ###### ###### # ####
##    ###     ## ##  #######    ##     ## ##  ##
################################################

[ Block-Clock Domain Power Models Power State Hit Ratio ]
_________________________________________________________________
Block-Clock Group                                   Hit ratio (%)
_________________________________________________________________
fpu-clk                                                    49.63%
-----------------------------------------------------------------
u2-clk                                                     98.93%
u3-clk                                                     46.37%
u4-clk                                                      0.00%
_________________________________________________________________

##############################
##  #  ###   ####    ###    ##
## # # #### #### ###### ######
## # # #### #####   ####   ###
## # # #### ######## ###### ##
## ### ###   ###    ###    ###
##############################

[ Power State Miss Window ]
_________________________________________________________________
* fpu-clk
BeginTime(ns) - EndTime(ns) : Cycles
_________________________________________________________________
15.0 - 115.0 : 10
1815.0 - 3415.0 : 160
3515.0 - 4515.0 : 100
5015.0 - 5115.0 : 10
5215.0 - 5815.0 : 60
6315.0 - 7515.0 : 120
7615.0 - 8215.0 : 60
9115.0 - 9215.0 : 10
9815.0 - 9915.0 : 10
10015.0 - 10715.0 : 70
11715.0 - 12515.0 : 80
12715.0 - 13915.0 : 120
14115.0 - 15715.0 : 160
15815.0 - 16515.0 : 70
16615.0 - 18115.0 : 150
18215.0 - 18915.0 : 70
20515.0 - 21515.0 : 100
22215.0 - 23915.0 : 170
24615.0 - 24715.0 : 10
25615.0 - 26315.0 : 70
27215.0 - 28015.0 : 80
28115.0 - 28215.0 : 10
28815.0 - 28915.0 : 10
29615.0 - 29715.0 : 10
29815.0 - 30315.0 : 50
31215.0 - 31315.0 : 10
31415.0 - 32115.0 : 70
33615.0 - 34515.0 : 90
34615.0 - 35615.0 : 100
36115.0 - 37115.0 : 100
37815.0 - 37915.0 : 10
38515.0 - 38615.0 : 10
38715.0 - 39315.0 : 60
40215.0 - 40315.0 : 10
41115.0 - 41815.0 : 70
41915.0 - 42015.0 : 10
42815.0 - 43515.0 : 70
44215.0 - 44415.0 : 20
44515.0 - 45215.0 : 70
45315.0 - 46015.0 : 70
46115.0 - 46815.0 : 70
48415.0 - 49215.0 : 80
50115.0 - 50215.0 : 10
50315.0 - 50815.0 : 50
51615.0 - 52615.0 : 100
52715.0 - 53415.0 : 70
53515.0 - 53615.0 : 10
54215.0 - 55015.0 : 80
55115.0 - 55815.0 : 70
56615.0 - 57415.0 : 80
60715.0 - 60815.0 : 10
62415.0 - 62515.0 : 10
64915.0 - 65015.0 : 10
66615.0 - 67315.0 : 70
68115.0 - 69815.0 : 170
69915.0 - 70615.0 : 70
72115.0 - 73315.0 : 120
73415.0 - 74615.0 : 120
74715.0 - 74815.0 : 10
76315.0 - 76415.0 : 10
76515.0 - 76915.0 : 40
77115.0 - 78015.0 : 90
78915.0 - 79615.0 : 70
79715.0 - 80415.0 : 70
81215.0 - 82015.0 : 80
83015.0 - 83615.0 : 60
84515.0 - 85415.0 : 90
86115.0 - 86215.0 : 10
86315.0 - 87015.0 : 70
87215.0 - 89615.0 : 240
91015.0 - 91115.0 : 10
91915.0 - 93615.0 : 170
94515.0 - 95215.0 : 70
95415.0 - 96015.0 : 60
96815.0 - 97715.0 : 90
98815.0 - 98915.0 : 10
99215.0 - 99315.0 : 10
99515.0 - 100915.0 : 140
101815.0 - 101915.0 : 10
102515.0 - 102615.0 : 10
102715.0 - 103415.0 : 70
104215.0 - 105015.0 : 80
105815.0 - 105915.0 : 10
107515.0 - 107615.0 : 10
109115.0 - 109215.0 : 10
109715.0 - 111615.0 : 190
111715.0 - 113315.0 : 160
113415.0 - 114115.0 : 70
114815.0 - 114915.0 : 10
115115.0 - 115815.0 : 70
118115.0 - 119415.0 : 130
120215.0 - 120615.0 : 40
121415.0 - 122015.0 : 60
122315.0 - 122415.0 : 10
124615.0 - 125115.0 : 50
125315.0 - 125415.0 : 10
126215.0 - 126415.0 : 20
126515.0 - 127215.0 : 70
127315.0 - 127915.0 : 60
128815.0 - 130515.0 : 170
132015.0 - 132115.0 : 10
132315.0 - 132915.0 : 60
134515.0 - 134615.0 : 10
137915.0 - 138715.0 : 80
138815.0 - 139415.0 : 60
140215.0 - 140315.0 : 10
140515.0 - 141115.0 : 60
141915.0 - 142315.0 : 40
142615.0 - 142815.0 : 20
143715.0 - 145215.0 : 150
145315.0 - 146015.0 : 70
146815.0 - 146915.0 : 10
147015.0 - 147815.0 : 80
149115.0 - 150115.0 : 100
151915.0 - 152615.0 : 70
152715.0 - 153315.0 : 60
154115.0 - 156015.0 : 190
156715.0 - 157115.0 : 40
157215.0 - 157315.0 : 10
157515.0 - 157615.0 : 10
158315.0 - 159215.0 : 90
159315.0 - 160815.0 : 150
161015.0 - 162815.0 : 180
163215.0 - 163415.0 : 20
165415.0 - 165615.0 : 20
165715.0 - 165815.0 : 10
167315.0 - 167415.0 : 10
168215.0 - 168315.0 : 10
169015.0 - 169815.0 : 80
171415.0 - 171515.0 : 10
171715.0 - 172215.0 : 50
172415.0 - 174015.0 : 160
174715.0 - 175615.0 : 90
176115.0 - 177315.0 : 120
178115.0 - 178815.0 : 70
182215.0 - 183015.0 : 80
183715.0 - 183815.0 : 10
184815.0 - 186315.0 : 150
187115.0 - 187915.0 : 80
188015.0 - 188815.0 : 80
190315.0 - 192815.0 : 250
192915.0 - 194915.0 : 200
196015.0 - 196115.0 : 10
196315.0 - 196815.0 : 50
196915.0 - 197015.0 : 10
197615.0 - 198115.0 : 50
198915.0 - 200115.0 : 120
200215.0 - 200315.0 : 10
202515.0 - 202615.0 : 10
202715.0 - 203315.0 : 60
203415.0 - 204315.0 : 90
204415.0 - 206715.0 : 230
208315.0 - 208515.0 : 20
209215.0 - 209315.0 : 10
210715.0 - 210815.0 : 10
212615.0 - 213215.0 : 60
214115.0 - 214215.0 : 10
215515.0 - 216715.0 : 120
217515.0 - 218215.0 : 70
218415.0 - 219015.0 : 60
219115.0 - 219715.0 : 60
219815.0 - 220015.0 : 20
220515.0 - 220715.0 : 20
220815.0 - 222415.0 : 160
223215.0 - 224815.0 : 160
227315.0 - 228915.0 : 160
229015.0 - 230615.0 : 160
231415.0 - 232115.0 : 70
232915.0 - 233015.0 : 10
234015.0 - 234615.0 : 60
234915.0 - 235115.0 : 20
235615.0 - 235715.0 : 10
236215.0 - 236415.0 : 20
236615.0 - 237015.0 : 40
239615.0 - 239715.0 : 10
241115.0 - 241215.0 : 10
241315.0 - 241915.0 : 60
242715.0 - 243515.0 : 80
244415.0 - 244515.0 : 10
245215.0 - 245315.0 : 10
245415.0 - 246015.0 : 60
246115.0 - 248615.0 : 250
248715.0 - 249415.0 : 70
249515.0 - 250415.0 : 90
251715.0 - 251815.0 : 10
251915.0 - 253515.0 : 160
253615.0 - 255215.0 : 160
256715.0 - 257515.0 : 80
258315.0 - 258415.0 : 10
259215.0 - 259315.0 : 10
261615.0 - 261715.0 : 10
264015.0 - 264115.0 : 10
264215.0 - 265815.0 : 160
265915.0 - 266515.0 : 60
266715.0 - 269915.0 : 320
270015.0 - 271615.0 : 160
273015.0 - 274015.0 : 100
274815.0 - 274915.0 : 10
275615.0 - 275715.0 : 10
276315.0 - 276415.0 : 10
276515.0 - 277215.0 : 70
277315.0 - 278215.0 : 90
278515.0 - 278615.0 : 10
278815.0 - 279815.0 : 100
280615.0 - 281315.0 : 70
282115.0 - 282215.0 : 10
285415.0 - 286415.0 : 100
287215.0 - 287915.0 : 70
288115.0 - 289715.0 : 160
289915.0 - 290415.0 : 50
290515.0 - 290715.0 : 20
291615.0 - 291715.0 : 10
291915.0 - 292015.0 : 10
292215.0 - 292815.0 : 60
294415.0 - 294515.0 : 10
295015.0 - 295215.0 : 20
295515.0 - 296115.0 : 60
296215.0 - 298715.0 : 250
299315.0 - 299915.0 : 60
300215.0 - 300315.0 : 10
301015.0 - 301815.0 : 80
302615.0 - 302715.0 : 10
302815.0 - 303415.0 : 60
303615.0 - 304215.0 : 60
305315.0 - 305615.0 : 30
306715.0 - 306815.0 : 10
308515.0 - 310015.0 : 150
310115.0 - 310915.0 : 80
311015.0 - 312515.0 : 150
312715.0 - 315715.0 : 300
315815.0 - 315915.0 : 10
316615.0 - 316715.0 : 10
319015.0 - 319115.0 : 10
319915.0 - 320015.0 : 10
321415.0 - 323215.0 : 180
324815.0 - 324915.0 : 10
325515.0 - 325615.0 : 10
325715.0 - 326715.0 : 100
326915.0 - 329215.0 : 230
329315.0 - 329615.0 : 30
331315.0 - 331415.0 : 10
331515.0 - 332115.0 : 60
333015.0 - 333115.0 : 10
334615.0 - 335515.0 : 90
336315.0 - 336415.0 : 10
338615.0 - 338715.0 : 10
339515.0 - 339615.0 : 10
340915.0 - 341115.0 : 20
343615.0 - 344215.0 : 60
345515.0 - 347315.0 : 180
347615.0 - 347815.0 : 20
348715.0 - 351015.0 : 230
351815.0 - 351915.0 : 10
353715.0 - 354315.0 : 60
355915.0 - 356015.0 : 10
356215.0 - 356815.0 : 60
360015.0 - 360115.0 : 10
361615.0 - 362515.0 : 90
362615.0 - 364115.0 : 150
365115.0 - 365815.0 : 70
366715.0 - 366915.0 : 20
367015.0 - 367115.0 : 10
368315.0 - 368415.0 : 10
369215.0 - 369415.0 : 20
369615.0 - 369915.0 : 30
370115.0 - 371515.0 : 140
371615.0 - 371715.0 : 10
372015.0 - 372115.0 : 10
372315.0 - 373215.0 : 90
373315.0 - 373915.0 : 60
375715.0 - 377315.0 : 160
377715.0 - 379015.0 : 130
379815.0 - 379915.0 : 10
380515.0 - 382315.0 : 180
383015.0 - 383515.0 : 50
383715.0 - 383815.0 : 10
384615.0 - 384715.0 : 10
385415.0 - 385515.0 : 10
385715.0 - 386815.0 : 110
387015.0 - 388815.0 : 180
389615.0 - 389715.0 : 10
391115.0 - 392015.0 : 90
392915.0 - 393015.0 : 10
393615.0 - 393715.0 : 10
393815.0 - 394615.0 : 80
394715.0 - 395315.0 : 60
396115.0 - 396215.0 : 10
396315.0 - 397015.0 : 70
398215.0 - 400215.0 : 200
401015.0 - 401115.0 : 10
401915.0 - 402015.0 : 10
403015.0 - 403115.0 : 10
403515.0 - 403615.0 : 10
404315.0 - 405215.0 : 90
405915.0 - 407615.0 : 170
407715.0 - 408515.0 : 80
409215.0 - 409315.0 : 10
409715.0 - 410015.0 : 30
410115.0 - 410215.0 : 10
411515.0 - 411615.0 : 10
411715.0 - 412215.0 : 50
413315.0 - 413415.0 : 10
413515.0 - 414215.0 : 70
414815.0 - 415815.0 : 100
418415.0 - 419915.0 : 150
420015.0 - 422415.0 : 240
422615.0 - 422715.0 : 10
423015.0 - 424815.0 : 180
425515.0 - 426515.0 : 100
426615.0 - 427315.0 : 70
427515.0 - 428515.0 : 100
430515.0 - 430615.0 : 10
432515.0 - 433915.0 : 140
434015.0 - 434715.0 : 70
434815.0 - 435415.0 : 60
436215.0 - 437015.0 : 80
437115.0 - 437215.0 : 10
437915.0 - 438715.0 : 80
441115.0 - 441315.0 : 20
441615.0 - 442915.0 : 130
443015.0 - 443615.0 : 60
445415.0 - 445515.0 : 10
450215.0 - 450315.0 : 10
452715.0 - 453515.0 : 80
454315.0 - 454415.0 : 10
455115.0 - 455215.0 : 10
455315.0 - 456015.0 : 70
456215.0 - 456715.0 : 50
458415.0 - 458615.0 : 20
459215.0 - 459315.0 : 10
460915.0 - 461015.0 : 10
462515.0 - 462915.0 : 40
463115.0 - 463415.0 : 30
463615.0 - 464115.0 : 50
465015.0 - 465415.0 : 40
466715.0 - 466815.0 : 10
469215.0 - 470815.0 : 160
471715.0 - 472415.0 : 70
472515.0 - 473215.0 : 70
473315.0 - 475015.0 : 170
476515.0 - 476615.0 : 10
477215.0 - 478115.0 : 90
478815.0 - 479915.0 : 110
480515.0 - 482315.0 : 180
483015.0 - 483115.0 : 10
484715.0 - 484815.0 : 10
486215.0 - 486315.0 : 10
487115.0 - 487315.0 : 20
487915.0 - 488015.0 : 10
488115.0 - 489615.0 : 150
490415.0 - 491315.0 : 90
493115.0 - 493715.0 : 60
494615.0 - 494715.0 : 10
495315.0 - 496115.0 : 80
496215.0 - 496315.0 : 10
497415.0 - 497515.0 : 10
499415.0 - 500315.0 : 90
500515.0 - 501115.0 : 60
501915.0 - 502715.0 : 80
503515.0 - 503615.0 : 10
503915.0 - 504115.0 : 20
505215.0 - 505315.0 : 10
507615.0 - 508115.0 : 50
508215.0 - 508415.0 : 20
509615.0 - 510115.0 : 50
511715.0 - 511815.0 : 10
513315.0 - 513415.0 : 10
513615.0 - 514715.0 : 110
515015.0 - 515115.0 : 10
515815.0 - 515915.0 : 10
516015.0 - 517415.0 : 140
518815.0 - 518915.0 : 10
519015.0 - 519115.0 : 10
519915.0 - 520115.0 : 20
521615.0 - 521715.0 : 10
524015.0 - 524115.0 : 10
524215.0 - 524915.0 : 70
525715.0 - 525815.0 : 10
528115.0 - 528215.0 : 10
529015.0 - 529115.0 : 10
529715.0 - 530715.0 : 100
531615.0 - 531715.0 : 10
531915.0 - 532015.0 : 10
532115.0 - 532315.0 : 20
532415.0 - 533015.0 : 60
534815.0 - 536515.0 : 170
536815.0 - 537915.0 : 110
538015.0 - 538115.0 : 10
538215.0 - 538715.0 : 50
538915.0 - 539015.0 : 10
540415.0 - 540515.0 : 10
541315.0 - 541415.0 : 10
542215.0 - 542315.0 : 10
542515.0 - 542615.0 : 10
542815.0 - 542915.0 : 10
543715.0 - 544315.0 : 60
544615.0 - 544715.0 : 10
546215.0 - 546315.0 : 10
547015.0 - 547715.0 : 70
548615.0 - 548715.0 : 10
548815.0 - 549415.0 : 60
549515.0 - 549615.0 : 10
550515.0 - 551115.0 : 60
551215.0 - 552815.0 : 160
552915.0 - 553715.0 : 80
555215.0 - 557715.0 : 250
558415.0 - 558515.0 : 10
558715.0 - 559315.0 : 60
560615.0 - 560715.0 : 10
560915.0 - 561015.0 : 10
561115.0 - 561815.0 : 70
562515.0 - 564115.0 : 160
564315.0 - 566015.0 : 170
568315.0 - 568715.0 : 40
569115.0 - 569215.0 : 10
569515.0 - 569915.0 : 40
570815.0 - 570915.0 : 10
571615.0 - 573415.0 : 180
574815.0 - 575715.0 : 90
577315.0 - 577415.0 : 10
579815.0 - 580615.0 : 80
581215.0 - 581615.0 : 40
583015.0 - 583915.0 : 90
584015.0 - 584715.0 : 70
585515.0 - 585615.0 : 10
586315.0 - 586415.0 : 10
586515.0 - 587215.0 : 70
587415.0 - 588515.0 : 110
588715.0 - 591415.0 : 270
592115.0 - 593815.0 : 170
593915.0 - 594615.0 : 70
594715.0 - 596215.0 : 150
596315.0 - 596915.0 : 60
597015.0 - 598715.0 : 170
598815.0 - 599415.0 : 60
600415.0 - 601215.0 : 80
601915.0 - 602815.0 : 90
602915.0 - 603515.0 : 60
604315.0 - 605215.0 : 90
606115.0 - 606215.0 : 10
606815.0 - 607015.0 : 20
607415.0 - 607615.0 : 20
610115.0 - 610215.0 : 10
610815.0 - 611015.0 : 20
611815.0 - 612215.0 : 40
612515.0 - 612615.0 : 10
614315.0 - 614415.0 : 10
615815.0 - 619115.0 : 330
619915.0 - 620015.0 : 10
620115.0 - 620215.0 : 10
620415.0 - 623215.0 : 280
624315.0 - 625315.0 : 100
626515.0 - 626615.0 : 10
626715.0 - 627415.0 : 70
627515.0 - 628415.0 : 90
628815.0 - 629015.0 : 20
629815.0 - 630015.0 : 20
630615.0 - 630715.0 : 10
631515.0 - 631615.0 : 10
634715.0 - 634815.0 : 10
634915.0 - 635515.0 : 60
636515.0 - 637215.0 : 70
638815.0 - 638915.0 : 10
639715.0 - 639815.0 : 10
640515.0 - 640615.0 : 10
641415.0 - 643015.0 : 160
643115.0 - 647115.0 : 400
647915.0 - 648215.0 : 30
648715.0 - 648815.0 : 10
650315.0 - 651415.0 : 110
652015.0 - 652115.0 : 10
652815.0 - 652915.0 : 10
653515.0 - 654315.0 : 80
655215.0 - 656115.0 : 90
656215.0 - 657715.0 : 150
659315.0 - 659415.0 : 10
661215.0 - 661915.0 : 70
662015.0 - 662315.0 : 30
662515.0 - 663615.0 : 110
664215.0 - 664315.0 : 10
664415.0 - 665515.0 : 110
665815.0 - 666715.0 : 90
667515.0 - 667615.0 : 10
667715.0 - 669915.0 : 220
670015.0 - 670115.0 : 10
673215.0 - 674315.0 : 110
674515.0 - 674615.0 : 10
674815.0 - 675815.0 : 100
676615.0 - 676715.0 : 10
677615.0 - 678215.0 : 60
678315.0 - 679415.0 : 110
679815.0 - 679915.0 : 10
681415.0 - 681715.0 : 30
685515.0 - 686515.0 : 100
688015.0 - 688115.0 : 10
688915.0 - 689815.0 : 90
690615.0 - 692315.0 : 170
692915.0 - 693115.0 : 20
693915.0 - 695415.0 : 150
696215.0 - 696315.0 : 10
696415.0 - 697115.0 : 70
697215.0 - 697915.0 : 70
698015.0 - 699515.0 : 150
699815.0 - 701115.0 : 130
701215.0 - 701315.0 : 10
701915.0 - 702815.0 : 90
702915.0 - 704515.0 : 160
706915.0 - 707015.0 : 10
707815.0 - 708615.0 : 80
709015.0 - 709415.0 : 40
709615.0 - 710215.0 : 60
710315.0 - 711015.0 : 70
711815.0 - 711915.0 : 10
716715.0 - 716815.0 : 10
717615.0 - 717715.0 : 10
718415.0 - 718515.0 : 10
719315.0 - 719915.0 : 60
720815.0 - 721515.0 : 70
721715.0 - 721815.0 : 10
725115.0 - 725815.0 : 70
725915.0 - 726615.0 : 70
727315.0 - 727415.0 : 10
727515.0 - 728215.0 : 70
728315.0 - 729115.0 : 80
730015.0 - 731515.0 : 150
731615.0 - 732215.0 : 60
732315.0 - 733215.0 : 90
733315.0 - 734415.0 : 110
734715.0 - 735615.0 : 90
735715.0 - 736415.0 : 70
737215.0 - 737315.0 : 10
738115.0 - 738215.0 : 10
740515.0 - 741415.0 : 90
742115.0 - 742215.0 : 10
742415.0 - 743015.0 : 60
744615.0 - 744715.0 : 10
745315.0 - 746315.0 : 100
747315.0 - 747915.0 : 60
748015.0 - 750415.0 : 240
750515.0 - 751115.0 : 60
752115.0 - 753715.0 : 160
753815.0 - 754515.0 : 70
754615.0 - 755315.0 : 70
756115.0 - 756915.0 : 80
757015.0 - 758615.0 : 160
758815.0 - 759315.0 : 50
759515.0 - 760215.0 : 70
761815.0 - 761915.0 : 10
762215.0 - 762515.0 : 30
762815.0 - 764315.0 : 150
765115.0 - 765215.0 : 10
765915.0 - 766015.0 : 10
766715.0 - 766915.0 : 20
768315.0 - 769215.0 : 90
770015.0 - 770815.0 : 80
771015.0 - 772515.0 : 150
772615.0 - 774215.0 : 160
774915.0 - 775415.0 : 50
776615.0 - 777315.0 : 70
778215.0 - 778315.0 : 10
779415.0 - 779915.0 : 50
780015.0 - 781115.0 : 110
782415.0 - 782515.0 : 10
784915.0 - 786515.0 : 160
787315.0 - 787415.0 : 10
788115.0 - 788815.0 : 70
789815.0 - 790815.0 : 100
791515.0 - 792915.0 : 140
793915.0 - 794615.0 : 70
795515.0 - 795615.0 : 10
796515.0 - 797915.0 : 140
798115.0 - 798815.0 : 70
798915.0 - 799615.0 : 70
799715.0 - 800415.0 : 70
800515.0 - 801215.0 : 70
802015.0 - 803615.0 : 160
804015.0 - 804215.0 : 20
805315.0 - 807015.0 : 170
807715.0 - 807815.0 : 10
808015.0 - 811115.0 : 310
811215.0 - 811915.0 : 70
812715.0 - 814615.0 : 190
814715.0 - 815215.0 : 50
815315.0 - 816015.0 : 70
816115.0 - 816715.0 : 60
816815.0 - 816915.0 : 10
819215.0 - 819415.0 : 20
-----------------------------------------------------------------
Total cycles : 38360
_________________________________________________________________

_________________________________________________________________
* u2-clk
BeginTime(ns) - EndTime(ns) : Cycles
_________________________________________________________________
33715.0 - 34415.0 : 70
81315.0 - 82015.0 : 70
264915.0 - 265715.0 : 80
349415.0 - 350115.0 : 70
404315.0 - 405115.0 : 80
426515.0 - 427215.0 : 70
474015.0 - 474815.0 : 80
499515.0 - 500215.0 : 70
516715.0 - 517415.0 : 70
655215.0 - 656015.0 : 80
805315.0 - 806015.0 : 70
807815.0 - 808515.0 : 70
-----------------------------------------------------------------
Total cycles : 880
_________________________________________________________________

_________________________________________________________________
* u3-clk
BeginTime(ns) - EndTime(ns) : Cycles
_________________________________________________________________
15.0 - 115.0 : 10
1615.0 - 2515.0 : 90
3315.0 - 4215.0 : 90
4915.0 - 5815.0 : 90
6615.0 - 8315.0 : 170
9015.0 - 10715.0 : 170
11515.0 - 12415.0 : 90
13915.0 - 14815.0 : 90
15615.0 - 17315.0 : 170
18015.0 - 20615.0 : 260
21315.0 - 22215.0 : 90
23015.0 - 28015.0 : 500
28715.0 - 30415.0 : 170
31215.0 - 32115.0 : 90
34415.0 - 35315.0 : 90
36915.0 - 40315.0 : 340
41815.0 - 43515.0 : 170
44315.0 - 47615.0 : 330
50015.0 - 50915.0 : 90
52515.0 - 53415.0 : 90
54915.0 - 55815.0 : 90
58215.0 - 60815.0 : 260
62315.0 - 63215.0 : 90
64815.0 - 69015.0 : 420
69715.0 - 72215.0 : 250
74615.0 - 76315.0 : 170
77915.0 - 81315.0 : 340
82815.0 - 87815.0 : 500
89415.0 - 91115.0 : 170
92715.0 - 96815.0 : 410
99215.0 - 100115.0 : 90
101715.0 - 104215.0 : 250
105015.0 - 106715.0 : 170
107415.0 - 109115.0 : 170
111515.0 - 112415.0 : 90
114815.0 - 116515.0 : 170
117315.0 - 118215.0 : 90
120515.0 - 121415.0 : 90
122215.0 - 123915.0 : 170
125515.0 - 128815.0 : 330
132015.0 - 132915.0 : 90
133715.0 - 136215.0 : 250
137815.0 - 139515.0 : 170
140215.0 - 141115.0 : 90
142715.0 - 144415.0 : 170
145115.0 - 147715.0 : 260
150115.0 - 152615.0 : 250
155815.0 - 156715.0 : 90
158315.0 - 160015.0 : 170
160715.0 - 161615.0 : 90
163215.0 - 164915.0 : 170
165615.0 - 166515.0 : 90
167315.0 - 169015.0 : 170
172215.0 - 173115.0 : 90
173815.0 - 175615.0 : 180
177115.0 - 181315.0 : 420
182015.0 - 183815.0 : 180
184515.0 - 185415.0 : 90
186115.0 - 189515.0 : 340
190215.0 - 192015.0 : 180
192715.0 - 193615.0 : 90
195215.0 - 196115.0 : 90
196815.0 - 197715.0 : 90
200115.0 - 201815.0 : 170
202515.0 - 203415.0 : 90
204215.0 - 205115.0 : 90
206615.0 - 207515.0 : 90
208315.0 - 211615.0 : 330
212415.0 - 214915.0 : 250
216515.0 - 217415.0 : 90
218115.0 - 221515.0 : 340
223915.0 - 228015.0 : 410
228815.0 - 229715.0 : 90
230415.0 - 231315.0 : 90
232115.0 - 233015.0 : 90
233715.0 - 234615.0 : 90
237015.0 - 237915.0 : 90
239415.0 - 242015.0 : 260
244415.0 - 246915.0 : 250
249315.0 - 250215.0 : 90
251715.0 - 252615.0 : 90
253415.0 - 254315.0 : 90
255015.0 - 258415.0 : 340
259115.0 - 260015.0 : 90
260815.0 - 261715.0 : 90
262415.0 - 263315.0 : 90
264015.0 - 264915.0 : 90
265715.0 - 267415.0 : 170
269815.0 - 270715.0 : 90
271415.0 - 273115.0 : 170
274715.0 - 277215.0 : 250
279615.0 - 284615.0 : 500
286215.0 - 288715.0 : 250
291915.0 - 294515.0 : 260
295215.0 - 296915.0 : 170
298515.0 - 299415.0 : 90
300115.0 - 301015.0 : 90
302615.0 - 305115.0 : 250
308315.0 - 309215.0 : 90
310815.0 - 311715.0 : 90
312415.0 - 313315.0 : 90
315715.0 - 317415.0 : 170
318215.0 - 319115.0 : 90
319815.0 - 321515.0 : 170
322315.0 - 324015.0 : 170
324715.0 - 326415.0 : 170
329615.0 - 332215.0 : 260
332915.0 - 334615.0 : 170
336215.0 - 337115.0 : 90
341115.0 - 343715.0 : 260
345215.0 - 346115.0 : 90
348515.0 - 349415.0 : 90
353415.0 - 355115.0 : 170
358315.0 - 361715.0 : 340
362415.0 - 366615.0 : 420
368215.0 - 369115.0 : 90
369815.0 - 371515.0 : 170
373115.0 - 374015.0 : 90
375615.0 - 376515.0 : 90
378815.0 - 379715.0 : 90
382115.0 - 383015.0 : 90
385415.0 - 386315.0 : 90
389515.0 - 390415.0 : 90
392815.0 - 395315.0 : 250
396115.0 - 397015.0 : 90
400215.0 - 401115.0 : 90
401815.0 - 402715.0 : 90
403415.0 - 404315.0 : 90
407515.0 - 409315.0 : 180
410015.0 - 410915.0 : 90
412515.0 - 414215.0 : 170
415715.0 - 419115.0 : 340
419815.0 - 420715.0 : 90
426415.0 - 428115.0 : 170
428915.0 - 432215.0 : 330
433815.0 - 435515.0 : 170
436215.0 - 437115.0 : 90
442815.0 - 447815.0 : 500
449415.0 - 451915.0 : 250
452615.0 - 454415.0 : 180
455115.0 - 457615.0 : 250
460815.0 - 462615.0 : 180
463315.0 - 464215.0 : 90
466615.0 - 468315.0 : 170
469015.0 - 474015.0 : 500
476415.0 - 477315.0 : 90
478115.0 - 479015.0 : 90
479715.0 - 480615.0 : 90
482215.0 - 483115.0 : 90
484615.0 - 485515.0 : 90
487115.0 - 488815.0 : 170
489515.0 - 492115.0 : 260
492815.0 - 494515.0 : 170
496115.0 - 497015.0 : 90
497715.0 - 499515.0 : 180
500215.0 - 503615.0 : 340
505115.0 - 506815.0 : 170
510015.0 - 512615.0 : 260
513315.0 - 514215.0 : 90
515815.0 - 516715.0 : 90
519915.0 - 520815.0 : 90
521515.0 - 523215.0 : 170
524015.0 - 526515.0 : 250
528915.0 - 529815.0 : 90
532215.0 - 533915.0 : 170
534615.0 - 535515.0 : 90
537915.0 - 538815.0 : 90
539615.0 - 540515.0 : 90
541215.0 - 542115.0 : 90
544515.0 - 547815.0 : 330
548615.0 - 551115.0 : 250
552715.0 - 555215.0 : 250
556815.0 - 560115.0 : 330
560915.0 - 562615.0 : 170
565815.0 - 566715.0 : 90
570715.0 - 571615.0 : 90
573215.0 - 574915.0 : 170
576515.0 - 578215.0 : 170
579715.0 - 580615.0 : 90
581415.0 - 582315.0 : 90
583815.0 - 588015.0 : 420
591215.0 - 592115.0 : 90
593715.0 - 595415.0 : 170
596115.0 - 597915.0 : 180
598615.0 - 599515.0 : 90
600215.0 - 602015.0 : 180
602715.0 - 603615.0 : 90
606015.0 - 606915.0 : 90
608415.0 - 610215.0 : 180
612515.0 - 613415.0 : 90
614215.0 - 615915.0 : 170
617515.0 - 618415.0 : 90
624015.0 - 624915.0 : 90
627315.0 - 628215.0 : 90
628915.0 - 629815.0 : 90
631415.0 - 632315.0 : 90
633915.0 - 637215.0 : 330
638015.0 - 643015.0 : 500
646215.0 - 647915.0 : 170
648615.0 - 650315.0 : 170
651915.0 - 653615.0 : 170
654415.0 - 655315.0 : 90
657615.0 - 659415.0 : 180
660915.0 - 661815.0 : 90
663415.0 - 665115.0 : 170
666715.0 - 667615.0 : 90
668315.0 - 669215.0 : 90
669915.0 - 673315.0 : 340
674915.0 - 675815.0 : 90
676515.0 - 679015.0 : 250
682215.0 - 685615.0 : 340
686315.0 - 688915.0 : 260
689615.0 - 691315.0 : 170
692915.0 - 693815.0 : 90
695415.0 - 698715.0 : 330
702715.0 - 703615.0 : 90
704415.0 - 705315.0 : 90
706815.0 - 708615.0 : 180
709315.0 - 715115.0 : 580
715915.0 - 716815.0 : 90
717515.0 - 720915.0 : 340
721615.0 - 722515.0 : 90
724115.0 - 730715.0 : 660
731415.0 - 734015.0 : 260
735515.0 - 737315.0 : 180
738015.0 - 738915.0 : 90
740515.0 - 741415.0 : 90
742115.0 - 745515.0 : 340
747815.0 - 748715.0 : 90
750315.0 - 751215.0 : 90
751915.0 - 757815.0 : 590
758515.0 - 760215.0 : 170
761015.0 - 761915.0 : 90
762615.0 - 763515.0 : 90
764215.0 - 768415.0 : 420
769215.0 - 770115.0 : 90
770815.0 - 771715.0 : 90
772415.0 - 773315.0 : 90
774115.0 - 775015.0 : 90
779815.0 - 780715.0 : 90
782315.0 - 783215.0 : 90
784715.0 - 785615.0 : 90
787215.0 - 790615.0 : 340
791315.0 - 792215.0 : 90
793815.0 - 797115.0 : 330
798715.0 - 802915.0 : 420
807715.0 - 808615.0 : 90
811015.0 - 811915.0 : 90
815115.0 - 817615.0 : 250
819215.0 - 819915.0 : 70
-----------------------------------------------------------------
Total cycles : 43970
_________________________________________________________________

_________________________________________________________________
* u4-clk
BeginTime(ns) - EndTime(ns) : Cycles
_________________________________________________________________
15.0 - 819915.0 : 81990
-----------------------------------------------------------------
Total cycles : 81990
_________________________________________________________________


1
